<?xml version="1.0" encoding="UTF-8"?>
<testsuites tests="5" failures="0" disabled="0" errors="0" time="0.047" name="AllTests">
  <testsuite name="SquareRootTest" tests="2" failures="0" disabled="0" errors="0" time="0">
    <testcase name="PositiveNos" status="run" time="0" classname="SquareRootTest" />
    <testcase name="NegativeNos" status="run" time="0" classname="SquareRootTest" />
  </testsuite>
  <testsuite name="PolygonTest" tests="1" failures="0" disabled="0" errors="0" time="0">
    <testcase name="NotInPolygon" status="run" time="0" classname="PolygonTest" />
  </testsuite>
  <testsuite name="NewtonRaphson" tests="1" failures="0" disabled="0" errors="0" time="0">
    <testcase name="NearCMathSQRT" status="run" time="0" classname="NewtonRaphson" />
  </testsuite>
  <testsuite name="ApproxPi" tests="1" failures="0" disabled="0" errors="0" time="0.046">
    <testcase name="isCloseToARCCOSneg1" status="run" time="0.046" classname="ApproxPi" />
  </testsuite>
</testsuites>
